<?xml version="1.0" encoding="UTF-8"?>
<testng-results total="3" passed="3" failed="0" skipped="0">
  <reporter-output>
  </reporter-output>
  <suite started-at="2022-07-19T04:54:37Z" name="Default suite" finished-at="2022-07-19T04:54:37Z" duration-ms="94">
    <groups>
    </groups>
    <test started-at="2022-07-19T04:54:37Z" name="Default test" finished-at="2022-07-19T04:54:37Z" duration-ms="94">
      <class name="com.TYSS.Practice.Practice_1Test">
        <test-method signature="test()[pri:0, instance:com.TYSS.Practice.Practice_1Test@2e48362c]" started-at="2022-07-19T10:24:37Z" name="test" finished-at="2022-07-19T10:24:37Z" duration-ms="25" status="PASS">
          <reporter-output>
          </reporter-output>
        </test-method> <!-- test -->
        <test-method signature="test1()[pri:0, instance:com.TYSS.Practice.Practice_1Test@2e48362c]" started-at="2022-07-19T10:24:37Z" name="test1" finished-at="2022-07-19T10:24:37Z" duration-ms="6" status="PASS">
          <reporter-output>
          </reporter-output>
        </test-method> <!-- test1 -->
        <test-method signature="test1()[pri:0, instance:com.TYSS.Practice.Practice_1Test@2e48362c]" started-at="2022-07-19T10:24:37Z" name="test1" finished-at="2022-07-19T10:24:37Z" duration-ms="16" status="PASS">
          <reporter-output>
          </reporter-output>
        </test-method> <!-- test1 -->
      </class> <!-- com.TYSS.Practice.Practice_1Test -->
    </test> <!-- Default test -->
  </suite> <!-- Default suite -->
</testng-results>
