<?xml version="1.0" encoding="UTF-8"?>
<!-- Generated by org.testng.reporters.JUnitXMLReporter -->
<testsuite hostname="DESKTOP-KP0OG9U" failures="0" tests="3" name="Default test" time="0.094" errors="0" timestamp="19 Jul 2022 04:54:37 GMT">
  <testcase classname="com.TYSS.Practice.Practice_1Test" name="test" time="0.025"/>
  <testcase classname="com.TYSS.Practice.Practice_1Test" name="test1" time="0.006"/>
  <testcase classname="com.TYSS.Practice.Practice_1Test" name="test1" time="0.016"/>
</testsuite> <!-- Default test -->
